# JRE version: OpenJDK Runtime Environment Temurin-21.0.5+11 (21.0.5+11) (build 21.0.5+11-LTS)
# Java VM: OpenJDK 64-Bit Server VM Temurin-21.0.5+11 (21.0.5+11-LTS, mixed mode, emulated-client, sharing, tiered, compressed oops, compressed class ptrs, g1 gc, windows-amd64)
GC Precious Log:
 CardTable entry size: 512
 Card Set container configuration: InlinePtr #cards 5 size 8 Array Of Cards #cards 12 size 40 Howl #buckets 4 coarsen threshold 1843 Howl Bitmap #cards 512 size 80 coarsen threshold 460 Card regions per heap region 1 cards per card region 2048
 CPUs: 16 total, 16 available
 Memory: 7817M
 Large Page Support: Disabled
 NUMA Support: Disabled
 Compressed Oops: Enabled (32-bit)
 Heap Region Size: 1M
 Heap Min Capacity: 8M
 Heap Initial Capacity: 124M
 Heap Max Capacity: 1G
 Pre-touch: Disabled
 Parallel Workers: 13
 Concurrent Workers: 3
 Concurrent Refinement Workers: 13
 Periodic GC: Disabled
Heap:
 garbage-first heap   total 92160K, used 39047K [0x00000000c0000000, 0x0000000100000000)
  region size 1024K, 1 young (1024K), 0 survivors (0K)
 Metaspace       used 54588K, committed 55296K, reserved 1114112K
  class space    used 6703K, committed 6976K, reserved 1048576K
GC Heap History (20 events):
Event: 8898.790 GC heap after
{Heap after GC invocations=828 (full 815):
 garbage-first heap   total 92160K, used 39208K [0x00000000c0000000, 0x0000000100000000)
  region size 1024K, 0 young (0K), 0 survivors (0K)
 Metaspace       used 54664K, committed 55296K, reserved 1114112K
  class space    used 6723K, committed 6976K, reserved 1048576K
}
Event: 8909.115 GC heap before
{Heap before GC invocations=828 (full 815):
 garbage-first heap   total 92160K, used 39208K [0x00000000c0000000, 0x0000000100000000)
  region size 1024K, 1 young (1024K), 0 survivors (0K)
 Metaspace       used 54664K, committed 55296K, reserved 1114112K
  class space    used 6723K, committed 6976K, reserved 1048576K
}
Event: 8909.162 GC heap after
{Heap after GC invocations=829 (full 816):
 garbage-first heap   total 92160K, used 39208K [0x00000000c0000000, 0x0000000100000000)
  region size 1024K, 0 young (0K), 0 survivors (0K)
 Metaspace       used 54664K, committed 55296K, reserved 1114112K
  class space    used 6723K, committed 6976K, reserved 1048576K
}
Event: 8919.503 GC heap before
{Heap before GC invocations=829 (full 816):
 garbage-first heap   total 92160K, used 39208K [0x00000000c0000000, 0x0000000100000000)
  region size 1024K, 1 young (1024K), 0 survivors (0K)
 Metaspace       used 54664K, committed 55296K, reserved 1114112K
  class space    used 6723K, committed 6976K, reserved 1048576K
}
Event: 8919.566 GC heap after
{Heap after GC invocations=830 (full 817):
 garbage-first heap   total 92160K, used 39208K [0x00000000c0000000, 0x0000000100000000)
  region size 1024K, 0 young (0K), 0 survivors (0K)
 Metaspace       used 54664K, committed 55296K, reserved 1114112K
  class space    used 6723K, committed 6976K, reserved 1048576K
}
Event: 8929.890 GC heap before
{Heap before GC invocations=830 (full 817):
 garbage-first heap   total 92160K, used 39208K [0x00000000c0000000, 0x0000000100000000)
  region size 1024K, 1 young (1024K), 0 survivors (0K)
 Metaspace       used 54664K, committed 55296K, reserved 1114112K
  class space    used 6723K, committed 6976K, reserved 1048576K
}
Event: 8930.090 GC heap after
{Heap after GC invocations=831 (full 818):
 garbage-first heap   total 92160K, used 39047K [0x00000000c0000000, 0x0000000100000000)
  region size 1024K, 0 young (0K), 0 survivors (0K)
 Metaspace       used 54588K, committed 55296K, reserved 1114112K
  class space    used 6703K, committed 6976K, reserved 1048576K
}
Event: 8940.451 GC heap before
{Heap before GC invocations=831 (full 818):
 garbage-first heap   total 92160K, used 39047K [0x00000000c0000000, 0x0000000100000000)
  region size 1024K, 1 young (1024K), 0 survivors (0K)
 Metaspace       used 54588K, committed 55296K, reserved 1114112K
  class space    used 6703K, committed 6976K, reserved 1048576K
}
Event: 8940.510 GC heap after
{Heap after GC invocations=832 (full 819):
 garbage-first heap   total 92160K, used 39047K [0x00000000c0000000, 0x0000000100000000)
  region size 1024K, 0 young (0K), 0 survivors (0K)
 Metaspace       used 54588K, committed 55296K, reserved 1114112K
  class space    used 6703K, committed 6976K, reserved 1048576K
}
Event: 8950.834 GC heap before
{Heap before GC invocations=832 (full 819):
 garbage-first heap   total 92160K, used 39047K [0x00000000c0000000, 0x0000000100000000)
  region size 1024K, 1 young (1024K), 0 survivors (0K)
 Metaspace       used 54588K, committed 55296K, reserved 1114112K
  class space    used 6703K, committed 6976K, reserved 1048576K
}
Event: 8950.898 GC heap after
{Heap after GC invocations=833 (full 820):
 garbage-first heap   total 92160K, used 39047K [0x00000000c0000000, 0x0000000100000000)
  region size 1024K, 0 young (0K), 0 survivors (0K)
 Metaspace       used 54588K, committed 55296K, reserved 1114112K
  class space    used 6703K, committed 6976K, reserved 1048576K
}
Event: 8961.251 GC heap before
{Heap before GC invocations=833 (full 820):
 garbage-first heap   total 92160K, used 39047K [0x00000000c0000000, 0x0000000100000000)
  region size 1024K, 1 young (1024K), 0 survivors (0K)
 Metaspace       used 54588K, committed 55296K, reserved 1114112K
  class space    used 6703K, committed 6976K, reserved 1048576K
}
Event: 8961.312 GC heap after
{Heap after GC invocations=834 (full 821):
 garbage-first heap   total 92160K, used 39047K [0x00000000c0000000, 0x0000000100000000)
  region size 1024K, 0 young (0K), 0 survivors (0K)
 Metaspace       used 54588K, committed 55296K, reserved 1114112K
  class space    used 6703K, committed 6976K, reserved 1048576K
}
Event: 8971.687 GC heap before
{Heap before GC invocations=834 (full 821):
 garbage-first heap   total 92160K, used 39047K [0x00000000c0000000, 0x0000000100000000)
  region size 1024K, 1 young (1024K), 0 survivors (0K)
 Metaspace       used 54588K, committed 55296K, reserved 1114112K
  class space    used 6703K, committed 6976K, reserved 1048576K
}
Event: 8971.747 GC heap after
{Heap after GC invocations=835 (full 822):
 garbage-first heap   total 92160K, used 39047K [0x00000000c0000000, 0x0000000100000000)
  region size 1024K, 0 young (0K), 0 survivors (0K)
 Metaspace       used 54588K, committed 55296K, reserved 1114112K
  class space    used 6703K, committed 6976K, reserved 1048576K
}
Event: 8982.141 GC heap before
{Heap before GC invocations=835 (full 822):
 garbage-first heap   total 92160K, used 39047K [0x00000000c0000000, 0x0000000100000000)
  region size 1024K, 1 young (1024K), 0 survivors (0K)
 Metaspace       used 54588K, committed 55296K, reserved 1114112K
  class space    used 6703K, committed 6976K, reserved 1048576K
}
Event: 8982.202 GC heap after
{Heap after GC invocations=836 (full 823):
 garbage-first heap   total 92160K, used 39047K [0x00000000c0000000, 0x0000000100000000)
  region size 1024K, 0 young (0K), 0 survivors (0K)
 Metaspace       used 54588K, committed 55296K, reserved 1114112K
  class space    used 6703K, committed 6976K, reserved 1048576K
}
Event: 8992.585 GC heap before
{Heap before GC invocations=836 (full 823):
 garbage-first heap   total 92160K, used 39047K [0x00000000c0000000, 0x0000000100000000)
  region size 1024K, 1 young (1024K), 0 survivors (0K)
 Metaspace       used 54588K, committed 55296K, reserved 1114112K
  class space    used 6703K, committed 6976K, reserved 1048576K
}
Event: 8992.649 GC heap after
{Heap after GC invocations=837 (full 824):
 garbage-first heap   total 92160K, used 39047K [0x00000000c0000000, 0x0000000100000000)
  region size 1024K, 0 young (0K), 0 survivors (0K)
 Metaspace       used 54588K, committed 55296K, reserved 1114112K
  class space    used 6703K, committed 6976K, reserved 1048576K
}
Event: 9003.042 GC heap before
{Heap before GC invocations=837 (full 824):
 garbage-first heap   total 92160K, used 39047K [0x00000000c0000000, 0x0000000100000000)
  region size 1024K, 1 young (1024K), 0 survivors (0K)
 Metaspace       used 54588K, committed 55296K, reserved 1114112K
  class space    used 6703K, committed 6976K, reserved 1048576K
}

