# JRE version: OpenJDK Runtime Environment Temurin-21.0.5+11 (21.0.5+11) (build 21.0.5+11-LTS)
# Java VM: OpenJDK 64-Bit Server VM Temurin-21.0.5+11 (21.0.5+11-LTS, mixed mode, emulated-client, sharing, tiered, compressed oops, compressed class ptrs, g1 gc, windows-amd64)
GC Precious Log:
 CardTable entry size: 512
 Card Set container configuration: InlinePtr #cards 5 size 8 Array Of Cards #cards 12 size 40 Howl #buckets 4 coarsen threshold 1843 Howl Bitmap #cards 512 size 80 coarsen threshold 460 Card regions per heap region 1 cards per card region 2048
 CPUs: 16 total, 16 available
 Memory: 7817M
 Large Page Support: Disabled
 NUMA Support: Disabled
 Compressed Oops: Enabled (32-bit)
 Heap Region Size: 1M
 Heap Min Capacity: 8M
 Heap Initial Capacity: 124M
 Heap Max Capacity: 1G
 Pre-touch: Disabled
 Parallel Workers: 13
 Concurrent Workers: 3
 Concurrent Refinement Workers: 13
 Periodic GC: Disabled
Heap:
 garbage-first heap   total 130048K, used 38741K [0x00000000c0000000, 0x0000000100000000)
  region size 1024K, 1 young (1024K), 0 survivors (0K)
 Metaspace       used 54443K, committed 55616K, reserved 1114112K
  class space    used 6655K, committed 7104K, reserved 1048576K
GC Heap History (20 events):
Event: 610.759 GC heap after
{Heap after GC invocations=66 (full 51):
 garbage-first heap   total 133120K, used 38793K [0x00000000c0000000, 0x0000000100000000)
  region size 1024K, 0 young (0K), 0 survivors (0K)
 Metaspace       used 54442K, committed 55616K, reserved 1114112K
  class space    used 6655K, committed 7104K, reserved 1048576K
}
Event: 621.087 GC heap before
{Heap before GC invocations=66 (full 51):
 garbage-first heap   total 133120K, used 38793K [0x00000000c0000000, 0x0000000100000000)
  region size 1024K, 1 young (1024K), 0 survivors (0K)
 Metaspace       used 54442K, committed 55616K, reserved 1114112K
  class space    used 6655K, committed 7104K, reserved 1048576K
}
Event: 621.128 GC heap after
{Heap after GC invocations=67 (full 52):
 garbage-first heap   total 133120K, used 38793K [0x00000000c0000000, 0x0000000100000000)
  region size 1024K, 0 young (0K), 0 survivors (0K)
 Metaspace       used 54442K, committed 55616K, reserved 1114112K
  class space    used 6655K, committed 7104K, reserved 1048576K
}
Event: 661.564 GC heap before
{Heap before GC invocations=67 (full 52):
 garbage-first heap   total 133120K, used 42889K [0x00000000c0000000, 0x0000000100000000)
  region size 1024K, 5 young (5120K), 0 survivors (0K)
 Metaspace       used 54518K, committed 55616K, reserved 1114112K
  class space    used 6674K, committed 7104K, reserved 1048576K
}
Event: 661.611 GC heap after
{Heap after GC invocations=68 (full 53):
 garbage-first heap   total 133120K, used 38903K [0x00000000c0000000, 0x0000000100000000)
  region size 1024K, 0 young (0K), 0 survivors (0K)
 Metaspace       used 54518K, committed 55616K, reserved 1114112K
  class space    used 6674K, committed 7104K, reserved 1048576K
}
Event: 671.926 GC heap before
{Heap before GC invocations=68 (full 53):
 garbage-first heap   total 133120K, used 38903K [0x00000000c0000000, 0x0000000100000000)
  region size 1024K, 1 young (1024K), 0 survivors (0K)
 Metaspace       used 54518K, committed 55616K, reserved 1114112K
  class space    used 6674K, committed 7104K, reserved 1048576K
}
Event: 671.967 GC heap after
{Heap after GC invocations=69 (full 54):
 garbage-first heap   total 133120K, used 38903K [0x00000000c0000000, 0x0000000100000000)
  region size 1024K, 0 young (0K), 0 survivors (0K)
 Metaspace       used 54518K, committed 55616K, reserved 1114112K
  class space    used 6674K, committed 7104K, reserved 1048576K
}
Event: 682.270 GC heap before
{Heap before GC invocations=69 (full 54):
 garbage-first heap   total 133120K, used 38903K [0x00000000c0000000, 0x0000000100000000)
  region size 1024K, 1 young (1024K), 0 survivors (0K)
 Metaspace       used 54518K, committed 55616K, reserved 1114112K
  class space    used 6674K, committed 7104K, reserved 1048576K
}
Event: 682.312 GC heap after
{Heap after GC invocations=70 (full 55):
 garbage-first heap   total 133120K, used 38903K [0x00000000c0000000, 0x0000000100000000)
  region size 1024K, 0 young (0K), 0 survivors (0K)
 Metaspace       used 54518K, committed 55616K, reserved 1114112K
  class space    used 6674K, committed 7104K, reserved 1048576K
}
Event: 692.650 GC heap before
{Heap before GC invocations=70 (full 55):
 garbage-first heap   total 133120K, used 38903K [0x00000000c0000000, 0x0000000100000000)
  region size 1024K, 1 young (1024K), 0 survivors (0K)
 Metaspace       used 54518K, committed 55616K, reserved 1114112K
  class space    used 6674K, committed 7104K, reserved 1048576K
}
Event: 692.691 GC heap after
{Heap after GC invocations=71 (full 56):
 garbage-first heap   total 133120K, used 38903K [0x00000000c0000000, 0x0000000100000000)
  region size 1024K, 0 young (0K), 0 survivors (0K)
 Metaspace       used 54518K, committed 55616K, reserved 1114112K
  class space    used 6674K, committed 7104K, reserved 1048576K
}
Event: 703.004 GC heap before
{Heap before GC invocations=71 (full 56):
 garbage-first heap   total 133120K, used 38903K [0x00000000c0000000, 0x0000000100000000)
  region size 1024K, 1 young (1024K), 0 survivors (0K)
 Metaspace       used 54518K, committed 55616K, reserved 1114112K
  class space    used 6674K, committed 7104K, reserved 1048576K
}
Event: 703.047 GC heap after
{Heap after GC invocations=72 (full 57):
 garbage-first heap   total 133120K, used 38903K [0x00000000c0000000, 0x0000000100000000)
  region size 1024K, 0 young (0K), 0 survivors (0K)
 Metaspace       used 54518K, committed 55616K, reserved 1114112K
  class space    used 6674K, committed 7104K, reserved 1048576K
}
Event: 713.382 GC heap before
{Heap before GC invocations=72 (full 57):
 garbage-first heap   total 133120K, used 38903K [0x00000000c0000000, 0x0000000100000000)
  region size 1024K, 1 young (1024K), 0 survivors (0K)
 Metaspace       used 54518K, committed 55616K, reserved 1114112K
  class space    used 6674K, committed 7104K, reserved 1048576K
}
Event: 713.423 GC heap after
{Heap after GC invocations=73 (full 58):
 garbage-first heap   total 133120K, used 38903K [0x00000000c0000000, 0x0000000100000000)
  region size 1024K, 0 young (0K), 0 survivors (0K)
 Metaspace       used 54518K, committed 55616K, reserved 1114112K
  class space    used 6674K, committed 7104K, reserved 1048576K
}
Event: 723.784 GC heap before
{Heap before GC invocations=73 (full 58):
 garbage-first heap   total 133120K, used 38903K [0x00000000c0000000, 0x0000000100000000)
  region size 1024K, 1 young (1024K), 0 survivors (0K)
 Metaspace       used 54518K, committed 55616K, reserved 1114112K
  class space    used 6674K, committed 7104K, reserved 1048576K
}
Event: 724.040 GC heap after
{Heap after GC invocations=74 (full 59):
 garbage-first heap   total 130048K, used 38741K [0x00000000c0000000, 0x0000000100000000)
  region size 1024K, 0 young (0K), 0 survivors (0K)
 Metaspace       used 54443K, committed 55616K, reserved 1114112K
  class space    used 6655K, committed 7104K, reserved 1048576K
}
Event: 734.358 GC heap before
{Heap before GC invocations=74 (full 59):
 garbage-first heap   total 130048K, used 38741K [0x00000000c0000000, 0x0000000100000000)
  region size 1024K, 1 young (1024K), 0 survivors (0K)
 Metaspace       used 54443K, committed 55616K, reserved 1114112K
  class space    used 6655K, committed 7104K, reserved 1048576K
}
Event: 734.400 GC heap after
{Heap after GC invocations=75 (full 60):
 garbage-first heap   total 130048K, used 38741K [0x00000000c0000000, 0x0000000100000000)
  region size 1024K, 0 young (0K), 0 survivors (0K)
 Metaspace       used 54443K, committed 55616K, reserved 1114112K
  class space    used 6655K, committed 7104K, reserved 1048576K
}
Event: 745.512 GC heap before
{Heap before GC invocations=75 (full 60):
 garbage-first heap   total 130048K, used 38741K [0x00000000c0000000, 0x0000000100000000)
  region size 1024K, 1 young (1024K), 0 survivors (0K)
 Metaspace       used 54443K, committed 55616K, reserved 1114112K
  class space    used 6655K, committed 7104K, reserved 1048576K
}

